{"C:\\Users\\cniki\\ai-delivers-food\\backend\\src\\db.ts": {"path":"C:\\Users\\cniki\\ai-delivers-food\\backend\\src\\db.ts","statementMap":{"0":{"start":{"line":2,"column":0},"end":{"line":2,"column":32}},"1":{"start":{"line":4,"column":18},"end":{"line":12,"column":1}},"2":{"start":{"line":5,"column":2},"end":{"line":11,"column":3}},"3":{"start":{"line":6,"column":4},"end":{"line":6,"column":60}},"4":{"start":{"line":7,"column":4},"end":{"line":7,"column":37}},"5":{"start":{"line":9,"column":4},"end":{"line":9,"column":52}},"6":{"start":{"line":10,"column":4},"end":{"line":10,"column":20}},"7":{"start":{"line":14,"column":0},"end":{"line":14,"column":25}}},"fnMap":{"0":{"name":"(anonymous_1)","decl":{"start":{"line":4,"column":18},"end":{"line":4,"column":23}},"loc":{"start":{"line":4,"column":29},"end":{"line":12,"column":1}}}},"branchMap":{},"s":{"0":0,"1":0,"2":0,"3":0,"4":0,"5":0,"6":0,"7":0},"f":{"0":0},"b":{}}
,"C:\\Users\\cniki\\ai-delivers-food\\backend\\src\\config\\swagger.ts": {"path":"C:\\Users\\cniki\\ai-delivers-food\\backend\\src\\config\\swagger.ts","statementMap":{"0":{"start":{"line":1,"column":0},"end":{"line":1,"column":41}},"1":{"start":{"line":3,"column":38},"end":{"line":35,"column":2}},"2":{"start":{"line":37,"column":13},"end":{"line":37,"column":43}}},"fnMap":{},"branchMap":{},"s":{"0":0,"1":0,"2":0},"f":{},"b":{}}
,"C:\\Users\\cniki\\ai-delivers-food\\backend\\src\\controllers\\authController.ts": {"path":"C:\\Users\\cniki\\ai-delivers-food\\backend\\src\\controllers\\authController.ts","statementMap":{"0":{"start":{"line":2,"column":0},"end":{"line":2,"column":31}},"1":{"start":{"line":3,"column":0},"end":{"line":3,"column":34}},"2":{"start":{"line":4,"column":0},"end":{"line":4,"column":65}},"3":{"start":{"line":6,"column":22},"end":{"line":10,"column":1}},"4":{"start":{"line":7,"column":2},"end":{"line":9,"column":5}},"5":{"start":{"line":12,"column":24},"end":{"line":53,"column":1}},"6":{"start":{"line":13,"column":2},"end":{"line":52,"column":3}},"7":{"start":{"line":14,"column":38},"end":{"line":14,"column":46}},"8":{"start":{"line":17,"column":25},"end":{"line":17,"column":54}},"9":{"start":{"line":18,"column":4},"end":{"line":21,"column":5}},"10":{"start":{"line":19,"column":6},"end":{"line":19,"column":68}},"11":{"start":{"line":20,"column":6},"end":{"line":20,"column":13}},"12":{"start":{"line":24,"column":17},"end":{"line":28,"column":6}},"13":{"start":{"line":31,"column":4},"end":{"line":31,"column":37}},"14":{"start":{"line":32,"column":4},"end":{"line":32,"column":22}},"15":{"start":{"line":35,"column":4},"end":{"line":35,"column":78}},"16":{"start":{"line":38,"column":18},"end":{"line":38,"column":51}},"17":{"start":{"line":40,"column":4},"end":{"line":49,"column":7}},"18":{"start":{"line":51,"column":4},"end":{"line":51,"column":71}},"19":{"start":{"line":12,"column":13},"end":{"line":12,"column":24}},"20":{"start":{"line":55,"column":21},"end":{"line":88,"column":1}},"21":{"start":{"line":56,"column":2},"end":{"line":87,"column":3}},"22":{"start":{"line":57,"column":32},"end":{"line":57,"column":40}},"23":{"start":{"line":60,"column":17},"end":{"line":60,"column":46}},"24":{"start":{"line":61,"column":4},"end":{"line":64,"column":5}},"25":{"start":{"line":62,"column":6},"end":{"line":62,"column":63}},"26":{"start":{"line":63,"column":6},"end":{"line":63,"column":13}},"27":{"start":{"line":67,"column":20},"end":{"line":67,"column":56}},"28":{"start":{"line":68,"column":4},"end":{"line":71,"column":5}},"29":{"start":{"line":69,"column":6},"end":{"line":69,"column":63}},"30":{"start":{"line":70,"column":6},"end":{"line":70,"column":13}},"31":{"start":{"line":74,"column":18},"end":{"line":74,"column":51}},"32":{"start":{"line":76,"column":4},"end":{"line":84,"column":7}},"33":{"start":{"line":86,"column":4},"end":{"line":86,"column":65}},"34":{"start":{"line":55,"column":13},"end":{"line":55,"column":21}},"35":{"start":{"line":90,"column":26},"end":{"line":101,"column":1}},"36":{"start":{"line":91,"column":2},"end":{"line":100,"column":3}},"37":{"start":{"line":92,"column":17},"end":{"line":92,"column":79}},"38":{"start":{"line":93,"column":4},"end":{"line":96,"column":5}},"39":{"start":{"line":94,"column":6},"end":{"line":94,"column":58}},"40":{"start":{"line":95,"column":6},"end":{"line":95,"column":13}},"41":{"start":{"line":97,"column":4},"end":{"line":97,"column":19}},"42":{"start":{"line":99,"column":4},"end":{"line":99,"column":71}},"43":{"start":{"line":90,"column":13},"end":{"line":90,"column":26}},"44":{"start":{"line":103,"column":27},"end":{"line":126,"column":1}},"45":{"start":{"line":104,"column":2},"end":{"line":125,"column":3}},"46":{"start":{"line":105,"column":22},"end":{"line":105,"column":30}},"47":{"start":{"line":107,"column":17},"end":{"line":110,"column":6}},"48":{"start":{"line":112,"column":4},"end":{"line":115,"column":5}},"49":{"start":{"line":113,"column":6},"end":{"line":113,"column":81}},"50":{"start":{"line":114,"column":6},"end":{"line":114,"column":13}},"51":{"start":{"line":117,"column":4},"end":{"line":117,"column":27}},"52":{"start":{"line":118,"column":4},"end":{"line":118,"column":39}},"53":{"start":{"line":119,"column":4},"end":{"line":119,"column":46}},"54":{"start":{"line":120,"column":4},"end":{"line":120,"column":22}},"55":{"start":{"line":122,"column":4},"end":{"line":122,"column":57}},"56":{"start":{"line":124,"column":4},"end":{"line":124,"column":70}},"57":{"start":{"line":103,"column":13},"end":{"line":103,"column":27}},"58":{"start":{"line":128,"column":34},"end":{"line":150,"column":1}},"59":{"start":{"line":129,"column":2},"end":{"line":149,"column":3}},"60":{"start":{"line":130,"column":17},"end":{"line":130,"column":59}},"61":{"start":{"line":131,"column":4},"end":{"line":134,"column":5}},"62":{"start":{"line":132,"column":6},"end":{"line":132,"column":58}},"63":{"start":{"line":133,"column":6},"end":{"line":133,"column":13}},"64":{"start":{"line":136,"column":4},"end":{"line":139,"column":5}},"65":{"start":{"line":137,"column":6},"end":{"line":137,"column":66}},"66":{"start":{"line":138,"column":6},"end":{"line":138,"column":13}},"67":{"start":{"line":141,"column":4},"end":{"line":141,"column":37}},"68":{"start":{"line":142,"column":4},"end":{"line":142,"column":22}},"69":{"start":{"line":144,"column":4},"end":{"line":144,"column":78}},"70":{"start":{"line":146,"column":4},"end":{"line":146,"column":53}},"71":{"start":{"line":148,"column":4},"end":{"line":148,"column":81}},"72":{"start":{"line":128,"column":13},"end":{"line":128,"column":34}}},"fnMap":{"0":{"name":"(anonymous_1)","decl":{"start":{"line":6,"column":22},"end":{"line":6,"column":23}},"loc":{"start":{"line":6,"column":49},"end":{"line":10,"column":1}}},"1":{"name":"(anonymous_2)","decl":{"start":{"line":12,"column":24},"end":{"line":12,"column":29}},"loc":{"start":{"line":12,"column":77},"end":{"line":53,"column":1}}},"2":{"name":"(anonymous_3)","decl":{"start":{"line":55,"column":21},"end":{"line":55,"column":26}},"loc":{"start":{"line":55,"column":74},"end":{"line":88,"column":1}}},"3":{"name":"(anonymous_4)","decl":{"start":{"line":90,"column":26},"end":{"line":90,"column":31}},"loc":{"start":{"line":90,"column":79},"end":{"line":101,"column":1}}},"4":{"name":"(anonymous_5)","decl":{"start":{"line":103,"column":27},"end":{"line":103,"column":32}},"loc":{"start":{"line":103,"column":80},"end":{"line":126,"column":1}}},"5":{"name":"(anonymous_6)","decl":{"start":{"line":128,"column":34},"end":{"line":128,"column":39}},"loc":{"start":{"line":128,"column":87},"end":{"line":150,"column":1}}}},"branchMap":{"0":{"loc":{"start":{"line":18,"column":4},"end":{"line":21,"column":5}},"type":"if","locations":[{"start":{"line":18,"column":4},"end":{"line":21,"column":5}}]},"1":{"loc":{"start":{"line":61,"column":4},"end":{"line":64,"column":5}},"type":"if","locations":[{"start":{"line":61,"column":4},"end":{"line":64,"column":5}}]},"2":{"loc":{"start":{"line":68,"column":4},"end":{"line":71,"column":5}},"type":"if","locations":[{"start":{"line":68,"column":4},"end":{"line":71,"column":5}}]},"3":{"loc":{"start":{"line":93,"column":4},"end":{"line":96,"column":5}},"type":"if","locations":[{"start":{"line":93,"column":4},"end":{"line":96,"column":5}}]},"4":{"loc":{"start":{"line":112,"column":4},"end":{"line":115,"column":5}},"type":"if","locations":[{"start":{"line":112,"column":4},"end":{"line":115,"column":5}}]},"5":{"loc":{"start":{"line":131,"column":4},"end":{"line":134,"column":5}},"type":"if","locations":[{"start":{"line":131,"column":4},"end":{"line":134,"column":5}}]},"6":{"loc":{"start":{"line":136,"column":4},"end":{"line":139,"column":5}},"type":"if","locations":[{"start":{"line":136,"column":4},"end":{"line":139,"column":5}}]}},"s":{"0":0,"1":0,"2":0,"3":0,"4":0,"5":0,"6":0,"7":0,"8":0,"9":0,"10":0,"11":0,"12":0,"13":0,"14":0,"15":0,"16":0,"17":0,"18":0,"19":0,"20":0,"21":0,"22":0,"23":0,"24":0,"25":0,"26":0,"27":0,"28":0,"29":0,"30":0,"31":0,"32":0,"33":0,"34":0,"35":0,"36":0,"37":0,"38":0,"39":0,"40":0,"41":0,"42":0,"43":0,"44":0,"45":0,"46":0,"47":0,"48":0,"49":0,"50":0,"51":0,"52":0,"53":0,"54":0,"55":0,"56":0,"57":0,"58":0,"59":0,"60":0,"61":0,"62":0,"63":0,"64":0,"65":0,"66":0,"67":0,"68":0,"69":0,"70":0,"71":0,"72":0},"f":{"0":0,"1":0,"2":0,"3":0,"4":0,"5":0},"b":{"0":[0],"1":[0],"2":[0],"3":[0],"4":[0],"5":[0],"6":[0]}}
,"C:\\Users\\cniki\\ai-delivers-food\\backend\\src\\controllers\\foodItemController.ts": {"path":"C:\\Users\\cniki\\ai-delivers-food\\backend\\src\\controllers\\foodItemController.ts","statementMap":{"0":{"start":{"line":2,"column":0},"end":{"line":2,"column":57}},"1":{"start":{"line":4,"column":31},"end":{"line":11,"column":1}},"2":{"start":{"line":5,"column":2},"end":{"line":10,"column":3}},"3":{"start":{"line":6,"column":22},"end":{"line":6,"column":43}},"4":{"start":{"line":7,"column":4},"end":{"line":7,"column":24}},"5":{"start":{"line":9,"column":4},"end":{"line":9,"column":74}},"6":{"start":{"line":4,"column":13},"end":{"line":4,"column":31}},"7":{"start":{"line":13,"column":31},"end":{"line":24,"column":1}},"8":{"start":{"line":14,"column":2},"end":{"line":23,"column":3}},"9":{"start":{"line":15,"column":21},"end":{"line":15,"column":59}},"10":{"start":{"line":16,"column":4},"end":{"line":19,"column":5}},"11":{"start":{"line":17,"column":6},"end":{"line":17,"column":63}},"12":{"start":{"line":18,"column":6},"end":{"line":18,"column":13}},"13":{"start":{"line":20,"column":4},"end":{"line":20,"column":23}},"14":{"start":{"line":22,"column":4},"end":{"line":22,"column":73}},"15":{"start":{"line":13,"column":13},"end":{"line":13,"column":31}},"16":{"start":{"line":26,"column":30},"end":{"line":34,"column":1}},"17":{"start":{"line":27,"column":2},"end":{"line":33,"column":3}},"18":{"start":{"line":28,"column":24},"end":{"line":28,"column":46}},"19":{"start":{"line":29,"column":26},"end":{"line":29,"column":50}},"20":{"start":{"line":30,"column":4},"end":{"line":30,"column":40}},"21":{"start":{"line":32,"column":4},"end":{"line":32,"column":73}},"22":{"start":{"line":26,"column":13},"end":{"line":26,"column":30}},"23":{"start":{"line":36,"column":30},"end":{"line":51,"column":1}},"24":{"start":{"line":37,"column":2},"end":{"line":50,"column":3}},"25":{"start":{"line":38,"column":28},"end":{"line":41,"column":null}},"26":{"start":{"line":43,"column":4},"end":{"line":46,"column":5}},"27":{"start":{"line":44,"column":6},"end":{"line":44,"column":63}},"28":{"start":{"line":45,"column":6},"end":{"line":45,"column":13}},"29":{"start":{"line":47,"column":4},"end":{"line":47,"column":30}},"30":{"start":{"line":49,"column":4},"end":{"line":49,"column":73}},"31":{"start":{"line":36,"column":13},"end":{"line":36,"column":30}},"32":{"start":{"line":53,"column":30},"end":{"line":64,"column":1}},"33":{"start":{"line":54,"column":2},"end":{"line":63,"column":3}},"34":{"start":{"line":55,"column":28},"end":{"line":55,"column":75}},"35":{"start":{"line":56,"column":4},"end":{"line":59,"column":5}},"36":{"start":{"line":57,"column":6},"end":{"line":57,"column":63}},"37":{"start":{"line":58,"column":6},"end":{"line":58,"column":13}},"38":{"start":{"line":60,"column":4},"end":{"line":60,"column":60}},"39":{"start":{"line":62,"column":4},"end":{"line":62,"column":73}},"40":{"start":{"line":53,"column":13},"end":{"line":53,"column":30}}},"fnMap":{"0":{"name":"(anonymous_1)","decl":{"start":{"line":4,"column":31},"end":{"line":4,"column":36}},"loc":{"start":{"line":4,"column":84},"end":{"line":11,"column":1}}},"1":{"name":"(anonymous_2)","decl":{"start":{"line":13,"column":31},"end":{"line":13,"column":36}},"loc":{"start":{"line":13,"column":84},"end":{"line":24,"column":1}}},"2":{"name":"(anonymous_3)","decl":{"start":{"line":26,"column":30},"end":{"line":26,"column":35}},"loc":{"start":{"line":26,"column":83},"end":{"line":34,"column":1}}},"3":{"name":"(anonymous_4)","decl":{"start":{"line":36,"column":30},"end":{"line":36,"column":35}},"loc":{"start":{"line":36,"column":83},"end":{"line":51,"column":1}}},"4":{"name":"(anonymous_5)","decl":{"start":{"line":53,"column":30},"end":{"line":53,"column":35}},"loc":{"start":{"line":53,"column":83},"end":{"line":64,"column":1}}}},"branchMap":{"0":{"loc":{"start":{"line":16,"column":4},"end":{"line":19,"column":5}},"type":"if","locations":[{"start":{"line":16,"column":4},"end":{"line":19,"column":5}}]},"1":{"loc":{"start":{"line":43,"column":4},"end":{"line":46,"column":5}},"type":"if","locations":[{"start":{"line":43,"column":4},"end":{"line":46,"column":5}}]},"2":{"loc":{"start":{"line":56,"column":4},"end":{"line":59,"column":5}},"type":"if","locations":[{"start":{"line":56,"column":4},"end":{"line":59,"column":5}}]}},"s":{"0":0,"1":0,"2":0,"3":0,"4":0,"5":0,"6":0,"7":0,"8":0,"9":0,"10":0,"11":0,"12":0,"13":0,"14":0,"15":0,"16":0,"17":0,"18":0,"19":0,"20":0,"21":0,"22":0,"23":0,"24":0,"25":0,"26":0,"27":0,"28":0,"29":0,"30":0,"31":0,"32":0,"33":0,"34":0,"35":0,"36":0,"37":0,"38":0,"39":0,"40":0},"f":{"0":0,"1":0,"2":0,"3":0,"4":0},"b":{"0":[0],"1":[0],"2":[0]}}
,"C:\\Users\\cniki\\ai-delivers-food\\backend\\src\\controllers\\orderController.ts": {"path":"C:\\Users\\cniki\\ai-delivers-food\\backend\\src\\controllers\\orderController.ts","statementMap":{"0":{"start":{"line":2,"column":0},"end":{"line":2,"column":48}},"1":{"start":{"line":3,"column":0},"end":{"line":3,"column":42}},"2":{"start":{"line":10,"column":27},"end":{"line":47,"column":1}},"3":{"start":{"line":11,"column":2},"end":{"line":46,"column":3}},"4":{"start":{"line":12,"column":39},"end":{"line":12,"column":47}},"5":{"start":{"line":14,"column":22},"end":{"line":14,"column":23}},"6":{"start":{"line":15,"column":23},"end":{"line":15,"column":25}},"7":{"start":{"line":17,"column":4},"end":{"line":33,"column":5}},"8":{"start":{"line":18,"column":23},"end":{"line":18,"column":61}},"9":{"start":{"line":19,"column":6},"end":{"line":22,"column":7}},"10":{"start":{"line":20,"column":8},"end":{"line":20,"column":82}},"11":{"start":{"line":21,"column":8},"end":{"line":21,"column":15}},"12":{"start":{"line":23,"column":6},"end":{"line":26,"column":7}},"13":{"start":{"line":24,"column":8},"end":{"line":24,"column":89}},"14":{"start":{"line":25,"column":8},"end":{"line":25,"column":15}},"15":{"start":{"line":27,"column":6},"end":{"line":27,"column":52}},"16":{"start":{"line":28,"column":6},"end":{"line":32,"column":9}},"17":{"start":{"line":35,"column":18},"end":{"line":40,"column":6}},"18":{"start":{"line":42,"column":23},"end":{"line":42,"column":41}},"19":{"start":{"line":43,"column":4},"end":{"line":43,"column":37}},"20":{"start":{"line":45,"column":4},"end":{"line":45,"column":69}},"21":{"start":{"line":10,"column":13},"end":{"line":10,"column":27}},"22":{"start":{"line":49,"column":25},"end":{"line":115,"column":1}},"23":{"start":{"line":50,"column":2},"end":{"line":114,"column":3}},"24":{"start":{"line":51,"column":19},"end":{"line":51,"column":31}},"25":{"start":{"line":52,"column":20},"end":{"line":52,"column":45}},"26":{"start":{"line":63,"column":8},"end":{"line":63,"column":31}},"27":{"start":{"line":66,"column":23},"end":{"line":66,"column":54}},"28":{"start":{"line":68,"column":4},"end":{"line":70,"column":5}},"29":{"start":{"line":69,"column":6},"end":{"line":69,"column":28}},"30":{"start":{"line":72,"column":4},"end":{"line":80,"column":5}},"31":{"start":{"line":73,"column":6},"end":{"line":73,"column":27}},"32":{"start":{"line":74,"column":6},"end":{"line":76,"column":7}},"33":{"start":{"line":75,"column":8},"end":{"line":75,"column":51}},"34":{"start":{"line":77,"column":6},"end":{"line":79,"column":7}},"35":{"start":{"line":78,"column":8},"end":{"line":78,"column":49}},"36":{"start":{"line":83,"column":17},"end":{"line":83,"column":51}},"37":{"start":{"line":86,"column":28},"end":{"line":94,"column":6}},"38":{"start":{"line":97,"column":23},"end":{"line":97,"column":55}},"39":{"start":{"line":98,"column":24},"end":{"line":98,"column":41}},"40":{"start":{"line":99,"column":24},"end":{"line":99,"column":32}},"41":{"start":{"line":101,"column":4},"end":{"line":111,"column":7}},"42":{"start":{"line":113,"column":4},"end":{"line":113,"column":70}},"43":{"start":{"line":49,"column":13},"end":{"line":49,"column":25}},"44":{"start":{"line":117,"column":28},"end":{"line":129,"column":1}},"45":{"start":{"line":118,"column":2},"end":{"line":128,"column":3}},"46":{"start":{"line":119,"column":18},"end":{"line":120,"column":33}},"47":{"start":{"line":121,"column":4},"end":{"line":124,"column":5}},"48":{"start":{"line":122,"column":6},"end":{"line":122,"column":59}},"49":{"start":{"line":123,"column":6},"end":{"line":123,"column":13}},"50":{"start":{"line":125,"column":4},"end":{"line":125,"column":20}},"51":{"start":{"line":127,"column":4},"end":{"line":127,"column":69}},"52":{"start":{"line":117,"column":13},"end":{"line":117,"column":28}},"53":{"start":{"line":131,"column":33},"end":{"line":148,"column":1}},"54":{"start":{"line":132,"column":2},"end":{"line":147,"column":3}},"55":{"start":{"line":133,"column":23},"end":{"line":133,"column":31}},"56":{"start":{"line":134,"column":18},"end":{"line":138,"column":32}},"57":{"start":{"line":140,"column":4},"end":{"line":143,"column":5}},"58":{"start":{"line":141,"column":6},"end":{"line":141,"column":59}},"59":{"start":{"line":142,"column":6},"end":{"line":142,"column":13}},"60":{"start":{"line":144,"column":4},"end":{"line":144,"column":20}},"61":{"start":{"line":146,"column":4},"end":{"line":146,"column":76}},"62":{"start":{"line":131,"column":13},"end":{"line":131,"column":33}},"63":{"start":{"line":150,"column":29},"end":{"line":187,"column":1}},"64":{"start":{"line":151,"column":2},"end":{"line":186,"column":3}},"65":{"start":{"line":152,"column":19},"end":{"line":152,"column":31}},"66":{"start":{"line":153,"column":20},"end":{"line":153,"column":45}},"67":{"start":{"line":155,"column":18},"end":{"line":155,"column":49}},"68":{"start":{"line":157,"column":18},"end":{"line":166,"column":6}},"69":{"start":{"line":168,"column":24},"end":{"line":168,"column":57}},"70":{"start":{"line":169,"column":24},"end":{"line":177,"column":6}},"71":{"start":{"line":179,"column":4},"end":{"line":183,"column":7}},"72":{"start":{"line":185,"column":4},"end":{"line":185,"column":75}},"73":{"start":{"line":150,"column":13},"end":{"line":150,"column":29}}},"fnMap":{"0":{"name":"(anonymous_1)","decl":{"start":{"line":10,"column":27},"end":{"line":10,"column":32}},"loc":{"start":{"line":10,"column":80},"end":{"line":47,"column":1}}},"1":{"name":"(anonymous_2)","decl":{"start":{"line":49,"column":25},"end":{"line":49,"column":30}},"loc":{"start":{"line":49,"column":82},"end":{"line":115,"column":1}}},"2":{"name":"(anonymous_3)","decl":{"start":{"line":117,"column":28},"end":{"line":117,"column":33}},"loc":{"start":{"line":117,"column":81},"end":{"line":129,"column":1}}},"3":{"name":"(anonymous_4)","decl":{"start":{"line":131,"column":33},"end":{"line":131,"column":38}},"loc":{"start":{"line":131,"column":86},"end":{"line":148,"column":1}}},"4":{"name":"(anonymous_5)","decl":{"start":{"line":150,"column":29},"end":{"line":150,"column":34}},"loc":{"start":{"line":150,"column":86},"end":{"line":187,"column":1}}}},"branchMap":{"0":{"loc":{"start":{"line":19,"column":6},"end":{"line":22,"column":7}},"type":"if","locations":[{"start":{"line":19,"column":6},"end":{"line":22,"column":7}}]},"1":{"loc":{"start":{"line":23,"column":6},"end":{"line":26,"column":7}},"type":"if","locations":[{"start":{"line":23,"column":6},"end":{"line":26,"column":7}}]},"2":{"loc":{"start":{"line":59,"column":6},"end":{"line":59,"column":26}},"type":"default-arg","locations":[{"start":{"line":59,"column":15},"end":{"line":59,"column":26}}]},"3":{"loc":{"start":{"line":60,"column":6},"end":{"line":60,"column":24}},"type":"default-arg","locations":[{"start":{"line":60,"column":18},"end":{"line":60,"column":24}}]},"4":{"loc":{"start":{"line":61,"column":6},"end":{"line":61,"column":14}},"type":"default-arg","locations":[{"start":{"line":61,"column":13},"end":{"line":61,"column":14}}]},"5":{"loc":{"start":{"line":62,"column":6},"end":{"line":62,"column":16}},"type":"default-arg","locations":[{"start":{"line":62,"column":14},"end":{"line":62,"column":16}}]},"6":{"loc":{"start":{"line":66,"column":23},"end":{"line":66,"column":54}},"type":"cond-expr","locations":[{"start":{"line":66,"column":33},"end":{"line":66,"column":35}},{"start":{"line":66,"column":38},"end":{"line":66,"column":54}}]},"7":{"loc":{"start":{"line":68,"column":4},"end":{"line":70,"column":5}},"type":"if","locations":[{"start":{"line":68,"column":4},"end":{"line":70,"column":5}}]},"8":{"loc":{"start":{"line":72,"column":4},"end":{"line":80,"column":5}},"type":"if","locations":[{"start":{"line":72,"column":4},"end":{"line":80,"column":5}}]},"9":{"loc":{"start":{"line":72,"column":8},"end":{"line":72,"column":28}},"type":"binary-expr","locations":[{"start":{"line":72,"column":8},"end":{"line":72,"column":17}},{"start":{"line":72,"column":21},"end":{"line":72,"column":28}}]},"10":{"loc":{"start":{"line":74,"column":6},"end":{"line":76,"column":7}},"type":"if","locations":[{"start":{"line":74,"column":6},"end":{"line":76,"column":7}}]},"11":{"loc":{"start":{"line":77,"column":6},"end":{"line":79,"column":7}},"type":"if","locations":[{"start":{"line":77,"column":6},"end":{"line":79,"column":7}}]},"12":{"loc":{"start":{"line":90,"column":26},"end":{"line":90,"column":54}},"type":"cond-expr","locations":[{"start":{"line":90,"column":48},"end":{"line":90,"column":49}},{"start":{"line":90,"column":52},"end":{"line":90,"column":54}}]},"13":{"loc":{"start":{"line":121,"column":4},"end":{"line":124,"column":5}},"type":"if","locations":[{"start":{"line":121,"column":4},"end":{"line":124,"column":5}}]},"14":{"loc":{"start":{"line":140,"column":4},"end":{"line":143,"column":5}},"type":"if","locations":[{"start":{"line":140,"column":4},"end":{"line":143,"column":5}}]},"15":{"loc":{"start":{"line":155,"column":18},"end":{"line":155,"column":49}},"type":"cond-expr","locations":[{"start":{"line":155,"column":28},"end":{"line":155,"column":30}},{"start":{"line":155,"column":33},"end":{"line":155,"column":49}}]},"16":{"loc":{"start":{"line":182,"column":19},"end":{"line":182,"column":45}},"type":"binary-expr","locations":[{"start":{"line":182,"column":19},"end":{"line":182,"column":40}},{"start":{"line":182,"column":44},"end":{"line":182,"column":45}}]}},"s":{"0":0,"1":0,"2":0,"3":0,"4":0,"5":0,"6":0,"7":0,"8":0,"9":0,"10":0,"11":0,"12":0,"13":0,"14":0,"15":0,"16":0,"17":0,"18":0,"19":0,"20":0,"21":0,"22":0,"23":0,"24":0,"25":0,"26":0,"27":0,"28":0,"29":0,"30":0,"31":0,"32":0,"33":0,"34":0,"35":0,"36":0,"37":0,"38":0,"39":0,"40":0,"41":0,"42":0,"43":0,"44":0,"45":0,"46":0,"47":0,"48":0,"49":0,"50":0,"51":0,"52":0,"53":0,"54":0,"55":0,"56":0,"57":0,"58":0,"59":0,"60":0,"61":0,"62":0,"63":0,"64":0,"65":0,"66":0,"67":0,"68":0,"69":0,"70":0,"71":0,"72":0,"73":0},"f":{"0":0,"1":0,"2":0,"3":0,"4":0},"b":{"0":[0],"1":[0],"2":[0],"3":[0],"4":[0],"5":[0],"6":[0,0],"7":[0],"8":[0],"9":[0,0],"10":[0],"11":[0],"12":[0,0],"13":[0],"14":[0],"15":[0,0],"16":[0,0]}}
,"C:\\Users\\cniki\\ai-delivers-food\\backend\\src\\middleware\\auth.ts": {"path":"C:\\Users\\cniki\\ai-delivers-food\\backend\\src\\middleware\\auth.ts","statementMap":{"0":{"start":{"line":2,"column":0},"end":{"line":2,"column":31}},"1":{"start":{"line":3,"column":0},"end":{"line":3,"column":34}},"2":{"start":{"line":9,"column":20},"end":{"line":31,"column":1}},"3":{"start":{"line":10,"column":2},"end":{"line":30,"column":3}},"4":{"start":{"line":11,"column":18},"end":{"line":11,"column":69}},"5":{"start":{"line":13,"column":4},"end":{"line":16,"column":5}},"6":{"start":{"line":14,"column":6},"end":{"line":14,"column":67}},"7":{"start":{"line":15,"column":6},"end":{"line":15,"column":13}},"8":{"start":{"line":18,"column":20},"end":{"line":18,"column":71}},"9":{"start":{"line":19,"column":17},"end":{"line":19,"column":58}},"10":{"start":{"line":21,"column":4},"end":{"line":24,"column":5}},"11":{"start":{"line":22,"column":6},"end":{"line":22,"column":58}},"12":{"start":{"line":23,"column":6},"end":{"line":23,"column":13}},"13":{"start":{"line":26,"column":4},"end":{"line":26,"column":20}},"14":{"start":{"line":27,"column":4},"end":{"line":27,"column":11}},"15":{"start":{"line":29,"column":4},"end":{"line":29,"column":55}},"16":{"start":{"line":9,"column":13},"end":{"line":9,"column":20}},"17":{"start":{"line":33,"column":25},"end":{"line":45,"column":1}},"18":{"start":{"line":34,"column":2},"end":{"line":44,"column":3}},"19":{"start":{"line":35,"column":4},"end":{"line":41,"column":7}},"20":{"start":{"line":36,"column":6},"end":{"line":39,"column":7}},"21":{"start":{"line":37,"column":8},"end":{"line":37,"column":67}},"22":{"start":{"line":38,"column":8},"end":{"line":38,"column":15}},"23":{"start":{"line":40,"column":6},"end":{"line":40,"column":13}},"24":{"start":{"line":43,"column":4},"end":{"line":43,"column":63}},"25":{"start":{"line":33,"column":13},"end":{"line":33,"column":25}}},"fnMap":{"0":{"name":"(anonymous_1)","decl":{"start":{"line":9,"column":20},"end":{"line":9,"column":25}},"loc":{"start":{"line":9,"column":97},"end":{"line":31,"column":1}}},"1":{"name":"(anonymous_2)","decl":{"start":{"line":33,"column":25},"end":{"line":33,"column":30}},"loc":{"start":{"line":33,"column":102},"end":{"line":45,"column":1}}},"2":{"name":"(anonymous_3)","decl":{"start":{"line":35,"column":25},"end":{"line":35,"column":28}},"loc":{"start":{"line":35,"column":30},"end":{"line":41,"column":5}}}},"branchMap":{"0":{"loc":{"start":{"line":13,"column":4},"end":{"line":16,"column":5}},"type":"if","locations":[{"start":{"line":13,"column":4},"end":{"line":16,"column":5}}]},"1":{"loc":{"start":{"line":21,"column":4},"end":{"line":24,"column":5}},"type":"if","locations":[{"start":{"line":21,"column":4},"end":{"line":24,"column":5}}]},"2":{"loc":{"start":{"line":36,"column":6},"end":{"line":39,"column":7}},"type":"if","locations":[{"start":{"line":36,"column":6},"end":{"line":39,"column":7}}]}},"s":{"0":0,"1":0,"2":0,"3":0,"4":0,"5":0,"6":0,"7":0,"8":0,"9":0,"10":0,"11":0,"12":0,"13":0,"14":0,"15":0,"16":0,"17":0,"18":0,"19":0,"20":0,"21":0,"22":0,"23":0,"24":0,"25":0},"f":{"0":0,"1":0,"2":0},"b":{"0":[0],"1":[0],"2":[0]}}
,"C:\\Users\\cniki\\ai-delivers-food\\backend\\src\\models\\FoodItem.ts": {"path":"C:\\Users\\cniki\\ai-delivers-food\\backend\\src\\models\\FoodItem.ts","statementMap":{"0":{"start":{"line":1,"column":0},"end":{"line":1,"column":54}},"1":{"start":{"line":54,"column":31},"end":{"line":89,"column":2}},"2":{"start":{"line":91,"column":0},"end":{"line":91,"column":69}}},"fnMap":{},"branchMap":{},"s":{"0":0,"1":0,"2":0},"f":{},"b":{}}
,"C:\\Users\\cniki\\ai-delivers-food\\backend\\src\\models\\Order.ts": {"path":"C:\\Users\\cniki\\ai-delivers-food\\backend\\src\\models\\Order.ts","statementMap":{"0":{"start":{"line":1,"column":0},"end":{"line":1,"column":54}},"1":{"start":{"line":26,"column":28},"end":{"line":80,"column":2}},"2":{"start":{"line":154,"column":0},"end":{"line":154,"column":60}}},"fnMap":{},"branchMap":{},"s":{"0":0,"1":0,"2":0},"f":{},"b":{}}
,"C:\\Users\\cniki\\ai-delivers-food\\backend\\src\\models\\User.ts": {"path":"C:\\Users\\cniki\\ai-delivers-food\\backend\\src\\models\\User.ts","statementMap":{"0":{"start":{"line":1,"column":0},"end":{"line":1,"column":54}},"1":{"start":{"line":2,"column":0},"end":{"line":2,"column":30}},"2":{"start":{"line":3,"column":0},"end":{"line":3,"column":28}},"3":{"start":{"line":50,"column":27},"end":{"line":81,"column":2}},"4":{"start":{"line":84,"column":0},"end":{"line":88,"column":2}},"5":{"start":{"line":85,"column":16},"end":{"line":85,"column":54}},"6":{"start":{"line":86,"column":2},"end":{"line":86,"column":33}},"7":{"start":{"line":87,"column":2},"end":{"line":87,"column":77}},"8":{"start":{"line":91,"column":0},"end":{"line":101,"column":3}},"9":{"start":{"line":92,"column":2},"end":{"line":92,"column":50}},"10":{"start":{"line":92,"column":36},"end":{"line":92,"column":50}},"11":{"start":{"line":94,"column":2},"end":{"line":100,"column":3}},"12":{"start":{"line":95,"column":17},"end":{"line":95,"column":41}},"13":{"start":{"line":96,"column":4},"end":{"line":96,"column":69}},"14":{"start":{"line":97,"column":4},"end":{"line":97,"column":11}},"15":{"start":{"line":99,"column":4},"end":{"line":99,"column":25}},"16":{"start":{"line":104,"column":0},"end":{"line":106,"column":2}},"17":{"start":{"line":105,"column":2},"end":{"line":105,"column":58}},"18":{"start":{"line":108,"column":0},"end":{"line":108,"column":57}}},"fnMap":{"0":{"name":"(anonymous_10)","decl":{"start":{"line":84,"column":47},"end":{"line":84,"column":null}},"loc":{"start":{"line":84,"column":47},"end":{"line":88,"column":1}}},"1":{"name":"(anonymous_11)","decl":{"start":{"line":91,"column":23},"end":{"line":91,"column":28}},"loc":{"start":{"line":91,"column":42},"end":{"line":101,"column":1}}},"2":{"name":"(anonymous_12)","decl":{"start":{"line":104,"column":37},"end":{"line":104,"column":42}},"loc":{"start":{"line":104,"column":77},"end":{"line":106,"column":1}}}},"branchMap":{"0":{"loc":{"start":{"line":92,"column":2},"end":{"line":92,"column":50}},"type":"if","locations":[{"start":{"line":92,"column":2},"end":{"line":92,"column":50}}]}},"s":{"0":0,"1":0,"2":0,"3":0,"4":0,"5":0,"6":0,"7":0,"8":0,"9":0,"10":0,"11":0,"12":0,"13":0,"14":0,"15":0,"16":0,"17":0,"18":0},"f":{"0":0,"1":0,"2":0},"b":{"0":[0]}}
,"C:\\Users\\cniki\\ai-delivers-food\\backend\\src\\routes\\authRoutes.ts": {"path":"C:\\Users\\cniki\\ai-delivers-food\\backend\\src\\routes\\authRoutes.ts","statementMap":{"0":{"start":{"line":1,"column":0},"end":{"line":1,"column":42}},"1":{"start":{"line":2,"column":0},"end":{"line":2,"column":109}},"2":{"start":{"line":3,"column":0},"end":{"line":3,"column":42}},"3":{"start":{"line":5,"column":23},"end":{"line":5,"column":39}},"4":{"start":{"line":7,"column":0},"end":{"line":7,"column":35}},"5":{"start":{"line":8,"column":0},"end":{"line":8,"column":29}},"6":{"start":{"line":9,"column":0},"end":{"line":9,"column":41}},"7":{"start":{"line":10,"column":0},"end":{"line":10,"column":42}},"8":{"start":{"line":11,"column":0},"end":{"line":11,"column":62}},"9":{"start":{"line":216,"column":0},"end":{"line":216,"column":22}}},"fnMap":{},"branchMap":{},"s":{"0":0,"1":0,"2":0,"3":0,"4":0,"5":0,"6":0,"7":0,"8":0,"9":0},"f":{},"b":{}}
,"C:\\Users\\cniki\\ai-delivers-food\\backend\\src\\routes\\foodItemRoutes.ts": {"path":"C:\\Users\\cniki\\ai-delivers-food\\backend\\src\\routes\\foodItemRoutes.ts","statementMap":{"0":{"start":{"line":1,"column":0},"end":{"line":1,"column":42}},"1":{"start":{"line":2,"column":0},"end":{"line":2,"column":null}},"2":{"start":{"line":10,"column":23},"end":{"line":10,"column":39}},"3":{"start":{"line":178,"column":0},"end":{"line":178,"column":33}},"4":{"start":{"line":179,"column":0},"end":{"line":179,"column":36}},"5":{"start":{"line":180,"column":0},"end":{"line":180,"column":33}},"6":{"start":{"line":181,"column":0},"end":{"line":181,"column":35}},"7":{"start":{"line":182,"column":0},"end":{"line":182,"column":38}},"8":{"start":{"line":184,"column":0},"end":{"line":184,"column":22}}},"fnMap":{},"branchMap":{},"s":{"0":0,"1":0,"2":0,"3":0,"4":0,"5":0,"6":0,"7":0,"8":0},"f":{},"b":{}}
,"C:\\Users\\cniki\\ai-delivers-food\\backend\\src\\routes\\orderRoutes.ts": {"path":"C:\\Users\\cniki\\ai-delivers-food\\backend\\src\\routes\\orderRoutes.ts","statementMap":{"0":{"start":{"line":1,"column":0},"end":{"line":1,"column":42}},"1":{"start":{"line":2,"column":0},"end":{"line":2,"column":null}},"2":{"start":{"line":9,"column":0},"end":{"line":9,"column":53}},"3":{"start":{"line":11,"column":23},"end":{"line":11,"column":39}},"4":{"start":{"line":13,"column":0},"end":{"line":13,"column":17}},"5":{"start":{"line":15,"column":0},"end":{"line":15,"column":30}},"6":{"start":{"line":16,"column":0},"end":{"line":16,"column":27}},"7":{"start":{"line":17,"column":0},"end":{"line":17,"column":36}},"8":{"start":{"line":18,"column":0},"end":{"line":18,"column":33}},"9":{"start":{"line":19,"column":0},"end":{"line":19,"column":58}},"10":{"start":{"line":230,"column":0},"end":{"line":230,"column":22}}},"fnMap":{},"branchMap":{},"s":{"0":0,"1":0,"2":0,"3":0,"4":0,"5":0,"6":0,"7":0,"8":0,"9":0,"10":0},"f":{},"b":{}}
,"C:\\Users\\cniki\\ai-delivers-food\\backend\\src\\routes\\trackingRoutes.ts": {"path":"C:\\Users\\cniki\\ai-delivers-food\\backend\\src\\routes\\trackingRoutes.ts","statementMap":{"0":{"start":{"line":1,"column":0},"end":{"line":1,"column":42}},"1":{"start":{"line":2,"column":0},"end":{"line":2,"column":110}},"2":{"start":{"line":3,"column":0},"end":{"line":3,"column":53}},"3":{"start":{"line":5,"column":23},"end":{"line":5,"column":39}},"4":{"start":{"line":7,"column":0},"end":{"line":7,"column":17}},"5":{"start":{"line":120,"column":0},"end":{"line":120,"column":42}},"6":{"start":{"line":121,"column":0},"end":{"line":121,"column":58}},"7":{"start":{"line":122,"column":0},"end":{"line":122,"column":64}},"8":{"start":{"line":124,"column":0},"end":{"line":124,"column":22}}},"fnMap":{},"branchMap":{},"s":{"0":0,"1":0,"2":0,"3":0,"4":0,"5":0,"6":0,"7":0,"8":0},"f":{},"b":{}}
,"C:\\Users\\cniki\\ai-delivers-food\\backend\\src\\scripts\\seedFoodItems.ts": {"path":"C:\\Users\\cniki\\ai-delivers-food\\backend\\src\\scripts\\seedFoodItems.ts","statementMap":{"0":{"start":{"line":1,"column":0},"end":{"line":1,"column":32}},"1":{"start":{"line":2,"column":0},"end":{"line":2,"column":28}},"2":{"start":{"line":3,"column":0},"end":{"line":3,"column":42}},"3":{"start":{"line":4,"column":0},"end":{"line":4,"column":64}},"4":{"start":{"line":6,"column":0},"end":{"line":6,"column":16}},"5":{"start":{"line":8,"column":21},"end":{"line":19,"column":1}},"6":{"start":{"line":9,"column":2},"end":{"line":18,"column":3}},"7":{"start":{"line":10,"column":4},"end":{"line":10,"column":60}},"8":{"start":{"line":11,"column":4},"end":{"line":11,"column":34}},"9":{"start":{"line":12,"column":4},"end":{"line":12,"column":47}},"10":{"start":{"line":13,"column":4},"end":{"line":13,"column":48}},"11":{"start":{"line":14,"column":4},"end":{"line":14,"column":20}},"12":{"start":{"line":16,"column":4},"end":{"line":16,"column":52}},"13":{"start":{"line":17,"column":4},"end":{"line":17,"column":20}},"14":{"start":{"line":21,"column":0},"end":{"line":21,"column":15}}},"fnMap":{"0":{"name":"(anonymous_1)","decl":{"start":{"line":8,"column":21},"end":{"line":8,"column":26}},"loc":{"start":{"line":8,"column":32},"end":{"line":19,"column":1}}}},"branchMap":{},"s":{"0":0,"1":0,"2":0,"3":0,"4":0,"5":0,"6":0,"7":0,"8":0,"9":0,"10":0,"11":0,"12":0,"13":0,"14":0},"f":{"0":0},"b":{}}
,"C:\\Users\\cniki\\ai-delivers-food\\backend\\src\\services\\emailService.ts": {"path":"C:\\Users\\cniki\\ai-delivers-food\\backend\\src\\services\\emailService.ts","statementMap":{"0":{"start":{"line":1,"column":0},"end":{"line":1,"column":36}},"1":{"start":{"line":3,"column":20},"end":{"line":11,"column":2}},"2":{"start":{"line":13,"column":37},"end":{"line":29,"column":1}},"3":{"start":{"line":14,"column":26},"end":{"line":14,"column":83}},"4":{"start":{"line":16,"column":22},"end":{"line":26,"column":4}},"5":{"start":{"line":28,"column":2},"end":{"line":28,"column":42}},"6":{"start":{"line":13,"column":13},"end":{"line":13,"column":37}}},"fnMap":{"0":{"name":"(anonymous_1)","decl":{"start":{"line":13,"column":37},"end":{"line":13,"column":42}},"loc":{"start":{"line":13,"column":91},"end":{"line":29,"column":1}}}},"branchMap":{},"s":{"0":0,"1":0,"2":0,"3":0,"4":0,"5":0,"6":0},"f":{"0":0},"b":{}}
,"C:\\Users\\cniki\\ai-delivers-food\\backend\\src\\services\\socketService.ts": {"path":"C:\\Users\\cniki\\ai-delivers-food\\backend\\src\\services\\socketService.ts","statementMap":{"0":{"start":{"line":1,"column":0},"end":{"line":1,"column":43}},"1":{"start":{"line":7,"column":10},"end":{"line":7,"column":61}},"2":{"start":{"line":8,"column":19},"end":{"line":8,"column":46}},"3":{"start":{"line":9,"column":19},"end":{"line":9,"column":45}},"4":{"start":{"line":16,"column":4},"end":{"line":24,"column":7}},"5":{"start":{"line":26,"column":4},"end":{"line":65,"column":7}},"6":{"start":{"line":27,"column":6},"end":{"line":27,"column":50}},"7":{"start":{"line":28,"column":6},"end":{"line":28,"column":47}},"8":{"start":{"line":30,"column":6},"end":{"line":41,"column":9}},"9":{"start":{"line":31,"column":8},"end":{"line":40,"column":9}},"10":{"start":{"line":32,"column":10},"end":{"line":34,"column":11}},"11":{"start":{"line":33,"column":12},"end":{"line":33,"column":52}},"12":{"start":{"line":35,"column":10},"end":{"line":35,"column":42}},"13":{"start":{"line":36,"column":10},"end":{"line":36,"column":75}},"14":{"start":{"line":38,"column":10},"end":{"line":38,"column":60}},"15":{"start":{"line":39,"column":10},"end":{"line":39,"column":73}},"16":{"start":{"line":43,"column":6},"end":{"line":54,"column":9}},"17":{"start":{"line":44,"column":8},"end":{"line":53,"column":9}},"18":{"start":{"line":45,"column":10},"end":{"line":47,"column":11}},"19":{"start":{"line":46,"column":12},"end":{"line":46,"column":52}},"20":{"start":{"line":48,"column":10},"end":{"line":48,"column":43}},"21":{"start":{"line":49,"column":10},"end":{"line":49,"column":73}},"22":{"start":{"line":51,"column":10},"end":{"line":51,"column":60}},"23":{"start":{"line":52,"column":10},"end":{"line":52,"column":74}},"24":{"start":{"line":56,"column":6},"end":{"line":59,"column":9}},"25":{"start":{"line":57,"column":8},"end":{"line":57,"column":75}},"26":{"start":{"line":58,"column":8},"end":{"line":58,"column":46}},"27":{"start":{"line":61,"column":6},"end":{"line":64,"column":9}},"28":{"start":{"line":62,"column":8},"end":{"line":62,"column":70}},"29":{"start":{"line":63,"column":8},"end":{"line":63,"column":67}},"30":{"start":{"line":67,"column":4},"end":{"line":69,"column":7}},"31":{"start":{"line":68,"column":6},"end":{"line":68,"column":54}},"32":{"start":{"line":73,"column":21},"end":{"line":73,"column":63}},"33":{"start":{"line":75,"column":4},"end":{"line":87,"column":5}},"34":{"start":{"line":77,"column":6},"end":{"line":77,"column":72}},"35":{"start":{"line":78,"column":6},"end":{"line":78,"column":47}},"36":{"start":{"line":79,"column":11},"end":{"line":87,"column":5}},"37":{"start":{"line":81,"column":6},"end":{"line":81,"column":58}},"38":{"start":{"line":82,"column":6},"end":{"line":82,"column":122}},"39":{"start":{"line":85,"column":6},"end":{"line":85,"column":75}},"40":{"start":{"line":86,"column":6},"end":{"line":86,"column":47}},"41":{"start":{"line":91,"column":4},"end":{"line":98,"column":5}},"42":{"start":{"line":92,"column":6},"end":{"line":94,"column":7}},"43":{"start":{"line":93,"column":8},"end":{"line":93,"column":67}},"44":{"start":{"line":95,"column":6},"end":{"line":95,"column":75}},"45":{"start":{"line":97,"column":6},"end":{"line":97,"column":62}},"46":{"start":{"line":102,"column":4},"end":{"line":112,"column":5}},"47":{"start":{"line":103,"column":6},"end":{"line":105,"column":7}},"48":{"start":{"line":104,"column":8},"end":{"line":104,"column":60}},"49":{"start":{"line":106,"column":6},"end":{"line":109,"column":9}},"50":{"start":{"line":111,"column":6},"end":{"line":111,"column":66}},"51":{"start":{"line":116,"column":0},"end":{"line":116,"column":35}}},"fnMap":{"0":{"name":"(anonymous_0)","decl":{"start":{"line":11,"column":2},"end":{"line":11,"column":null}},"loc":{"start":{"line":11,"column":2},"end":{"line":13,"column":3}}},"1":{"name":"(anonymous_1)","decl":{"start":{"line":15,"column":2},"end":{"line":15,"column":12}},"loc":{"start":{"line":15,"column":35},"end":{"line":70,"column":3}}},"2":{"name":"(anonymous_2)","decl":{"start":{"line":26,"column":29},"end":{"line":26,"column":30}},"loc":{"start":{"line":26,"column":48},"end":{"line":65,"column":5}}},"3":{"name":"(anonymous_3)","decl":{"start":{"line":30,"column":35},"end":{"line":30,"column":36}},"loc":{"start":{"line":30,"column":55},"end":{"line":41,"column":7}}},"4":{"name":"(anonymous_4)","decl":{"start":{"line":43,"column":36},"end":{"line":43,"column":37}},"loc":{"start":{"line":43,"column":56},"end":{"line":54,"column":7}}},"5":{"name":"(anonymous_5)","decl":{"start":{"line":56,"column":30},"end":{"line":56,"column":31}},"loc":{"start":{"line":56,"column":49},"end":{"line":59,"column":7}}},"6":{"name":"(anonymous_6)","decl":{"start":{"line":61,"column":25},"end":{"line":61,"column":26}},"loc":{"start":{"line":61,"column":42},"end":{"line":64,"column":7}}},"7":{"name":"(anonymous_7)","decl":{"start":{"line":67,"column":24},"end":{"line":67,"column":25}},"loc":{"start":{"line":67,"column":41},"end":{"line":69,"column":5}}},"8":{"name":"(anonymous_8)","decl":{"start":{"line":72,"column":10},"end":{"line":72,"column":26}},"loc":{"start":{"line":72,"column":57},"end":{"line":88,"column":3}}},"9":{"name":"(anonymous_9)","decl":{"start":{"line":90,"column":2},"end":{"line":90,"column":20}},"loc":{"start":{"line":90,"column":65},"end":{"line":99,"column":3}}},"10":{"name":"(anonymous_10)","decl":{"start":{"line":101,"column":2},"end":{"line":101,"column":23}},"loc":{"start":{"line":101,"column":55},"end":{"line":113,"column":3}}}},"branchMap":{"0":{"loc":{"start":{"line":18,"column":16},"end":{"line":18,"column":65}},"type":"binary-expr","locations":[{"start":{"line":18,"column":16},"end":{"line":18,"column":38}},{"start":{"line":18,"column":42},"end":{"line":18,"column":65}}]},"1":{"loc":{"start":{"line":32,"column":10},"end":{"line":34,"column":11}},"type":"if","locations":[{"start":{"line":32,"column":10},"end":{"line":34,"column":11}}]},"2":{"loc":{"start":{"line":45,"column":10},"end":{"line":47,"column":11}},"type":"if","locations":[{"start":{"line":45,"column":10},"end":{"line":47,"column":11}}]},"3":{"loc":{"start":{"line":73,"column":21},"end":{"line":73,"column":63}},"type":"binary-expr","locations":[{"start":{"line":73,"column":21},"end":{"line":73,"column":58}},{"start":{"line":73,"column":62},"end":{"line":73,"column":63}}]},"4":{"loc":{"start":{"line":75,"column":4},"end":{"line":87,"column":5}},"type":"if","locations":[{"start":{"line":75,"column":4},"end":{"line":87,"column":5}},{"start":{"line":79,"column":11},"end":{"line":87,"column":5}}]},"5":{"loc":{"start":{"line":79,"column":11},"end":{"line":87,"column":5}},"type":"if","locations":[{"start":{"line":79,"column":11},"end":{"line":87,"column":5}},{"start":{"line":83,"column":11},"end":{"line":87,"column":5}}]},"6":{"loc":{"start":{"line":92,"column":6},"end":{"line":94,"column":7}},"type":"if","locations":[{"start":{"line":92,"column":6},"end":{"line":94,"column":7}}]},"7":{"loc":{"start":{"line":92,"column":10},"end":{"line":92,"column":35}},"type":"binary-expr","locations":[{"start":{"line":92,"column":10},"end":{"line":92,"column":18}},{"start":{"line":92,"column":22},"end":{"line":92,"column":35}}]},"8":{"loc":{"start":{"line":103,"column":6},"end":{"line":105,"column":7}},"type":"if","locations":[{"start":{"line":103,"column":6},"end":{"line":105,"column":7}}]},"9":{"loc":{"start":{"line":103,"column":10},"end":{"line":103,"column":29}},"type":"binary-expr","locations":[{"start":{"line":103,"column":10},"end":{"line":103,"column":18}},{"start":{"line":103,"column":22},"end":{"line":103,"column":29}}]}},"s":{"0":0,"1":0,"2":0,"3":0,"4":0,"5":0,"6":0,"7":0,"8":0,"9":0,"10":0,"11":0,"12":0,"13":0,"14":0,"15":0,"16":0,"17":0,"18":0,"19":0,"20":0,"21":0,"22":0,"23":0,"24":0,"25":0,"26":0,"27":0,"28":0,"29":0,"30":0,"31":0,"32":0,"33":0,"34":0,"35":0,"36":0,"37":0,"38":0,"39":0,"40":0,"41":0,"42":0,"43":0,"44":0,"45":0,"46":0,"47":0,"48":0,"49":0,"50":0,"51":0},"f":{"0":0,"1":0,"2":0,"3":0,"4":0,"5":0,"6":0,"7":0,"8":0,"9":0,"10":0},"b":{"0":[0,0],"1":[0],"2":[0],"3":[0,0],"4":[0,0],"5":[0,0],"6":[0],"7":[0,0],"8":[0],"9":[0,0]}}
}
